<?xml version="1.0" encoding="UTF-8"?>
<!-- Generated by org.testng.reporters.JUnitReportReporter -->
<testsuite hostname="LAPTOP-RDLCABT7" failures="0" tests="2" name="com.test.runners.TestRunner" time="25.880" errors="0" timestamp="2024-12-10T22:55:51 IST" skipped="0">
  <testcase classname="com.test.runners.TestRunner" name="runScenario" time="8.493"/>
  <testcase classname="com.test.runners.TestRunner" name="runScenario" time="17.387"/>
</testsuite> <!-- com.test.runners.TestRunner -->
